Start testing: Nov 16 03:27 MSK
----------------------------------------------------------
1/1 Testing: impulse-tests
1/1 Test: impulse-tests
Command: "/home/flicky/itmo/Impulse-JIT/build/tests/impulse-tests"
Directory: /home/flicky/itmo/Impulse-JIT/build/tests
"impulse-tests" start time: Nov 16 03:27 MSK
Output:
----------------------------------------------------------
All frontend tests passed
<end of output>
Test time =   0.00 sec
----------------------------------------------------------
Test Passed.
"impulse-tests" end time: Nov 16 03:27 MSK
"impulse-tests" time elapsed: 00:00:00
----------------------------------------------------------

End testing: Nov 16 03:27 MSK
